<?xml version="1.0" encoding="UTF-8"?>
<!-- Generated by org.testng.reporters.JUnitReportReporter -->
<testsuite hostname="Indu" failures="0" tests="1" name="com.test.automation.tests.scripts.SalesForceLeadAutomation" time="21.774" errors="0" timestamp="2023-10-29T17:19:16 CDT" skipped="0">
  <testcase classname="com.test.automation.tests.scripts.SalesForceLeadAutomation" name="NewButtonLeads" time="21.774"/>
</testsuite> <!-- com.test.automation.tests.scripts.SalesForceLeadAutomation -->
