<?xml version="1.0" encoding="UTF-8"?>
<!-- Generated by org.testng.reporters.JUnitReportReporter -->
<testsuite hostname="Indu" failures="0" tests="1" name="com.test.automation.tests.scripts.SalesForceCreateOppurtunity" time="25.094" errors="0" timestamp="2023-10-29T15:02:10 CDT" skipped="0">
  <testcase classname="com.test.automation.tests.scripts.SalesForceCreateOppurtunity" name="QuarterlySummaryLink" time="25.094"/>
</testsuite> <!-- com.test.automation.tests.scripts.SalesForceCreateOppurtunity -->
