<?xml version="1.0" encoding="UTF-8"?>
<!-- Generated by org.testng.reporters.JUnitReportReporter -->
<testsuite hostname="Indu" failures="0" tests="1" name="com.test.automation.tests.scripts.SalesForceUserMenu" time="15.692" errors="0" timestamp="2023-10-29T00:07:32 CDT" skipped="0">
  <testcase classname="com.test.automation.tests.scripts.SalesForceUserMenu" name="userMenuDropDown" time="15.692"/>
</testsuite> <!-- com.test.automation.tests.scripts.SalesForceUserMenu -->
