<?xml version="1.0" encoding="UTF-8"?>
<!-- Generated by org.testng.reporters.JUnitReportReporter -->
<testsuite hostname="Indu" failures="0" tests="1" name="com.test.automation.tests.scripts.SalesForceLoginAutomationScript" time="12.437" errors="0" timestamp="2023-10-28T23:39:08 CDT" skipped="0">
  <testcase classname="com.test.automation.tests.scripts.SalesForceLoginAutomationScript" name="login_To_SalesForce2" time="12.437"/>
</testsuite> <!-- com.test.automation.tests.scripts.SalesForceLoginAutomationScript -->
